[2K[1G[1myarn run v1.22.19[22m
[2K[1G[2m$ tsc && vite build[22m
src/components/DoctorView.tsx(8,8): error TS2307: Cannot find module '@pubnub/react-chat-components' or its corresponding type declarations.
src/components/PatientView.tsx(2,61): error TS2307: Cannot find module '@pubnub/react-chat-components' or its corresponding type declarations.
[2K[1G[31merror[39m Command failed with exit code 2.
[2K[1G[34minfo[39m Visit [1mhttps://yarnpkg.com/en/docs/cli/run[22m for documentation about this command.
