[2K[1G[1myarn run v1.22.19[22m
[2K[1G[2m$ tsc && vite build[22m
src/components/create-chat-modal.tsx(9,8): error TS2307: Cannot find module '@pubnub/react-chat-components' or its corresponding type declarations.
src/components/create-chat-modal.tsx(92,23): error TS2345: Argument of type '{ name: any; custom: { profileUrl: any; }; id: string; }' is not assignable to parameter of type 'Pick<ChannelEntity, "id" | "name" | "description">'.
  Property 'description' is missing in type '{ name: any; custom: { profileUrl: any; }; id: string; }' but required in type 'Pick<ChannelEntity, "id" | "name" | "description">'.
src/components/create-chat-modal.tsx(141,29): error TS7006: Parameter 'user' implicitly has an 'any' type.
src/components/create-chat-modal.tsx(144,18): error TS7006: Parameter 'user' implicitly has an 'any' type.
src/components/public-channels-modal.tsx(3,44): error TS2307: Cannot find module '@pubnub/react-chat-components' or its corresponding type declarations.
src/components/public-channels-modal.tsx(52,31): error TS7006: Parameter 'channel' implicitly has an 'any' type.
src/components/report-user-modal.tsx(3,45): error TS2307: Cannot find module '@pubnub/react-chat-components' or its corresponding type declarations.
src/moderated-chat.tsx(21,8): error TS2307: Cannot find module '@pubnub/react-chat-components' or its corresponding type declarations.
src/moderated-chat.tsx(69,59): error TS7006: Parameter 'c' implicitly has an 'any' type.
src/moderated-chat.tsx(76,73): error TS7006: Parameter 'o' implicitly has an 'any' type.
src/moderated-chat.tsx(78,6): error TS7006: Parameter 'c' implicitly has an 'any' type.
src/moderated-chat.tsx(82,6): error TS7006: Parameter 'c' implicitly has an 'any' type.
src/moderated-chat.tsx(82,63): error TS7006: Parameter 'b' implicitly has an 'any' type.
src/moderated-chat.tsx(85,14): error TS7006: Parameter 'c' implicitly has an 'any' type.
src/moderated-chat.tsx(86,11): error TS7006: Parameter 'c' implicitly has an 'any' type.
src/moderated-chat.tsx(89,43): error TS7006: Parameter 'u' implicitly has an 'any' type.
src/moderated-chat.tsx(96,14): error TS7006: Parameter 'c' implicitly has an 'any' type.
src/moderated-chat.tsx(125,55): error TS7006: Parameter 'ch' implicitly has an 'any' type.
src/moderated-chat.tsx(165,43): error TS7006: Parameter 'c' implicitly has an 'any' type.
src/moderated-chat.tsx(167,24): error TS7006: Parameter 'e' implicitly has an 'any' type.
src/moderated-chat.tsx(184,39): error TS7006: Parameter 'u' implicitly has an 'any' type.
src/moderated-chat.tsx(246,41): error TS7006: Parameter 'channel' implicitly has an 'any' type.
src/moderated-chat.tsx(247,44): error TS7006: Parameter 'c' implicitly has an 'any' type.
src/moderated-chat.tsx(266,41): error TS7006: Parameter 'channel' implicitly has an 'any' type.
src/moderated-chat.tsx(267,44): error TS7006: Parameter 'c' implicitly has an 'any' type.
src/moderated-chat.tsx(307,44): error TS7006: Parameter 'message' implicitly has an 'any' type.
src/moderated-chat.tsx(353,49): error TS7006: Parameter 'c' implicitly has an 'any' type.
[2K[1G[31merror[39m Command failed with exit code 2.
[2K[1G[34minfo[39m Visit [1mhttps://yarnpkg.com/en/docs/cli/run[22m for documentation about this command.
